0 info it worked if it ends with ok
1 verbose cli [ 'C:\\Program Files\\nodejs\\node.exe',
1 verbose cli   'C:\\Program Files\\nodejs\\node_modules\\npm\\bin\\npm-cli.js',
1 verbose cli   'i',
1 verbose cli   '-S',
1 verbose cli   'webpack',
1 verbose cli   'vue',
1 verbose cli   'babel-loader',
1 verbose cli   'babel-core',
1 verbose cli   'babel-preset-es2015',
1 verbose cli   'babel-preset-react' ]
2 info using npm@4.1.2
3 info using node@v7.7.4
4 silly loadCurrentTree Starting
5 silly install loadCurrentTree
6 silly install readLocalPackageData
7 silly fetchPackageMetaData webpack
8 silly fetchPackageMetaData vue
9 silly fetchPackageMetaData babel-loader
10 silly fetchPackageMetaData babel-core
11 silly fetchPackageMetaData babel-preset-es2015
12 silly fetchPackageMetaData babel-preset-react
13 silly fetchNamedPackageData webpack
14 silly mapToRegistry name webpack
15 silly mapToRegistry using default registry
16 silly mapToRegistry registry https://registry.npm.taobao.org/
17 silly mapToRegistry data Result {
17 silly mapToRegistry   raw: 'webpack',
17 silly mapToRegistry   scope: null,
17 silly mapToRegistry   escapedName: 'webpack',
17 silly mapToRegistry   name: 'webpack',
17 silly mapToRegistry   rawSpec: '',
17 silly mapToRegistry   spec: 'latest',
17 silly mapToRegistry   type: 'tag' }
18 silly mapToRegistry uri https://registry.npm.taobao.org/webpack
19 silly fetchNamedPackageData vue
20 silly mapToRegistry name vue
21 silly mapToRegistry using default registry
22 silly mapToRegistry registry https://registry.npm.taobao.org/
23 silly mapToRegistry data Result {
23 silly mapToRegistry   raw: 'vue',
23 silly mapToRegistry   scope: null,
23 silly mapToRegistry   escapedName: 'vue',
23 silly mapToRegistry   name: 'vue',
23 silly mapToRegistry   rawSpec: '',
23 silly mapToRegistry   spec: 'latest',
23 silly mapToRegistry   type: 'tag' }
24 silly mapToRegistry uri https://registry.npm.taobao.org/vue
25 silly fetchNamedPackageData babel-loader
26 silly mapToRegistry name babel-loader
27 silly mapToRegistry using default registry
28 silly mapToRegistry registry https://registry.npm.taobao.org/
29 silly mapToRegistry data Result {
29 silly mapToRegistry   raw: 'babel-loader',
29 silly mapToRegistry   scope: null,
29 silly mapToRegistry   escapedName: 'babel-loader',
29 silly mapToRegistry   name: 'babel-loader',
29 silly mapToRegistry   rawSpec: '',
29 silly mapToRegistry   spec: 'latest',
29 silly mapToRegistry   type: 'tag' }
30 silly mapToRegistry uri https://registry.npm.taobao.org/babel-loader
31 silly fetchNamedPackageData babel-core
32 silly mapToRegistry name babel-core
33 silly mapToRegistry using default registry
34 silly mapToRegistry registry https://registry.npm.taobao.org/
35 silly mapToRegistry data Result {
35 silly mapToRegistry   raw: 'babel-core',
35 silly mapToRegistry   scope: null,
35 silly mapToRegistry   escapedName: 'babel-core',
35 silly mapToRegistry   name: 'babel-core',
35 silly mapToRegistry   rawSpec: '',
35 silly mapToRegistry   spec: 'latest',
35 silly mapToRegistry   type: 'tag' }
36 silly mapToRegistry uri https://registry.npm.taobao.org/babel-core
37 silly fetchNamedPackageData babel-preset-es2015
38 silly mapToRegistry name babel-preset-es2015
39 silly mapToRegistry using default registry
40 silly mapToRegistry registry https://registry.npm.taobao.org/
41 silly mapToRegistry data Result {
41 silly mapToRegistry   raw: 'babel-preset-es2015',
41 silly mapToRegistry   scope: null,
41 silly mapToRegistry   escapedName: 'babel-preset-es2015',
41 silly mapToRegistry   name: 'babel-preset-es2015',
41 silly mapToRegistry   rawSpec: '',
41 silly mapToRegistry   spec: 'latest',
41 silly mapToRegistry   type: 'tag' }
42 silly mapToRegistry uri https://registry.npm.taobao.org/babel-preset-es2015
43 silly fetchNamedPackageData babel-preset-react
44 silly mapToRegistry name babel-preset-react
45 silly mapToRegistry using default registry
46 silly mapToRegistry registry https://registry.npm.taobao.org/
47 silly mapToRegistry data Result {
47 silly mapToRegistry   raw: 'babel-preset-react',
47 silly mapToRegistry   scope: null,
47 silly mapToRegistry   escapedName: 'babel-preset-react',
47 silly mapToRegistry   name: 'babel-preset-react',
47 silly mapToRegistry   rawSpec: '',
47 silly mapToRegistry   spec: 'latest',
47 silly mapToRegistry   type: 'tag' }
48 silly mapToRegistry uri https://registry.npm.taobao.org/babel-preset-react
49 verbose request uri https://registry.npm.taobao.org/babel-loader
50 verbose request no auth needed
51 info attempt registry request try #1 at 23:38:15
52 verbose request id 248c9e092825a904
53 http request GET https://registry.npm.taobao.org/babel-loader
54 verbose request uri https://registry.npm.taobao.org/babel-core
55 verbose request no auth needed
56 info attempt registry request try #1 at 23:38:15
57 http request GET https://registry.npm.taobao.org/babel-core
58 verbose request uri https://registry.npm.taobao.org/babel-preset-react
59 verbose request no auth needed
60 info attempt registry request try #1 at 23:38:15
61 http request GET https://registry.npm.taobao.org/babel-preset-react
62 verbose request uri https://registry.npm.taobao.org/babel-preset-es2015
63 verbose request no auth needed
64 info attempt registry request try #1 at 23:38:15
65 http request GET https://registry.npm.taobao.org/babel-preset-es2015
66 verbose request uri https://registry.npm.taobao.org/vue
67 verbose request no auth needed
68 info attempt registry request try #1 at 23:38:15
69 verbose etag "8a271-OrVra4f2ujvWxqxWN3sWw1N0cOs"
70 http request GET https://registry.npm.taobao.org/vue
71 verbose request uri https://registry.npm.taobao.org/webpack
72 verbose request no auth needed
73 info attempt registry request try #1 at 23:38:15
74 verbose etag "113b93-K1urYXWz5v/tUiKfwycs0m6LCW8"
75 http request GET https://registry.npm.taobao.org/webpack
76 http 200 https://registry.npm.taobao.org/babel-preset-react
77 verbose headers { date: 'Tue, 18 Jul 2017 15:38:08 GMT',
77 verbose headers   'content-type': 'application/json; charset=utf-8',
77 verbose headers   'content-length': '44886',
77 verbose headers   connection: 'keep-alive',
77 verbose headers   'x-current-requests': '1',
77 verbose headers   etag: '"af56-iGqsP34+VvbGg9MPMOivmnVRmlI"',
77 verbose headers   'x-readtime': '26' }
78 silly get cb [ 200,
78 silly get   { date: 'Tue, 18 Jul 2017 15:38:08 GMT',
78 silly get     'content-type': 'application/json; charset=utf-8',
78 silly get     'content-length': '44886',
78 silly get     connection: 'keep-alive',
78 silly get     'x-current-requests': '1',
78 silly get     etag: '"af56-iGqsP34+VvbGg9MPMOivmnVRmlI"',
78 silly get     'x-readtime': '26' } ]
79 verbose get saving babel-preset-react to C:\Users\Administrator\AppData\Roaming\npm-cache\registry.npm.taobao.org\babel-preset-react\.cache.json
80 verbose correctMkdir C:\Users\Administrator\AppData\Roaming\npm-cache correctMkdir not in flight; initializing
81 http 304 https://registry.npm.taobao.org/vue
82 verbose headers { date: 'Tue, 18 Jul 2017 15:38:08 GMT',
82 verbose headers   connection: 'keep-alive',
82 verbose headers   'x-current-requests': '1',
82 verbose headers   etag: '"8a271-OrVra4f2ujvWxqxWN3sWw1N0cOs"',
82 verbose headers   'x-readtime': '89' }
83 silly get cb [ 304,
83 silly get   { date: 'Tue, 18 Jul 2017 15:38:08 GMT',
83 silly get     connection: 'keep-alive',
83 silly get     'x-current-requests': '1',
83 silly get     etag: '"8a271-OrVra4f2ujvWxqxWN3sWw1N0cOs"',
83 silly get     'x-readtime': '89' } ]
84 verbose etag https://registry.npm.taobao.org/vue from cache
85 verbose get saving vue to C:\Users\Administrator\AppData\Roaming\npm-cache\registry.npm.taobao.org\vue\.cache.json
86 verbose correctMkdir C:\Users\Administrator\AppData\Roaming\npm-cache correctMkdir not in flight; initializing
87 http 200 https://registry.npm.taobao.org/babel-loader
88 verbose headers { date: 'Tue, 18 Jul 2017 15:38:08 GMT',
88 verbose headers   'content-type': 'application/json; charset=utf-8',
88 verbose headers   'content-length': '104386',
88 verbose headers   connection: 'keep-alive',
88 verbose headers   'x-current-requests': '1',
88 verbose headers   etag: '"197c2-bsLVmcdHI6edV+csaujZ/LtTmDg"',
88 verbose headers   'x-readtime': '34' }
89 silly get cb [ 200,
89 silly get   { date: 'Tue, 18 Jul 2017 15:38:08 GMT',
89 silly get     'content-type': 'application/json; charset=utf-8',
89 silly get     'content-length': '104386',
89 silly get     connection: 'keep-alive',
89 silly get     'x-current-requests': '1',
89 silly get     etag: '"197c2-bsLVmcdHI6edV+csaujZ/LtTmDg"',
89 silly get     'x-readtime': '34' } ]
90 verbose get saving babel-loader to C:\Users\Administrator\AppData\Roaming\npm-cache\registry.npm.taobao.org\babel-loader\.cache.json
91 verbose correctMkdir C:\Users\Administrator\AppData\Roaming\npm-cache correctMkdir not in flight; initializing
92 http 200 https://registry.npm.taobao.org/babel-preset-es2015
93 verbose headers { date: 'Tue, 18 Jul 2017 15:38:08 GMT',
93 verbose headers   'content-type': 'application/json; charset=utf-8',
93 verbose headers   'content-length': '93464',
93 verbose headers   connection: 'keep-alive',
93 verbose headers   'x-current-requests': '1',
93 verbose headers   etag: '"16d18-7Hvgb2Z84PCyF5dDLbpnwn/gqw0"',
93 verbose headers   'x-readtime': '28' }
94 silly get cb [ 200,
94 silly get   { date: 'Tue, 18 Jul 2017 15:38:08 GMT',
94 silly get     'content-type': 'application/json; charset=utf-8',
94 silly get     'content-length': '93464',
94 silly get     connection: 'keep-alive',
94 silly get     'x-current-requests': '1',
94 silly get     etag: '"16d18-7Hvgb2Z84PCyF5dDLbpnwn/gqw0"',
94 silly get     'x-readtime': '28' } ]
95 verbose get saving babel-preset-es2015 to C:\Users\Administrator\AppData\Roaming\npm-cache\registry.npm.taobao.org\babel-preset-es2015\.cache.json
96 verbose correctMkdir C:\Users\Administrator\AppData\Roaming\npm-cache correctMkdir not in flight; initializing
97 http 200 https://registry.npm.taobao.org/babel-core
98 verbose headers { date: 'Tue, 18 Jul 2017 15:38:08 GMT',
98 verbose headers   'content-type': 'application/json; charset=utf-8',
98 verbose headers   'content-length': '559568',
98 verbose headers   connection: 'keep-alive',
98 verbose headers   'x-current-requests': '1',
98 verbose headers   etag: '"889d0-kpKXMDTLJf0A++3BmlgN3geEk1A"',
98 verbose headers   'x-readtime': '74' }
99 silly get cb [ 200,
99 silly get   { date: 'Tue, 18 Jul 2017 15:38:08 GMT',
99 silly get     'content-type': 'application/json; charset=utf-8',
99 silly get     'content-length': '559568',
99 silly get     connection: 'keep-alive',
99 silly get     'x-current-requests': '1',
99 silly get     etag: '"889d0-kpKXMDTLJf0A++3BmlgN3geEk1A"',
99 silly get     'x-readtime': '74' } ]
100 verbose get saving babel-core to C:\Users\Administrator\AppData\Roaming\npm-cache\registry.npm.taobao.org\babel-core\.cache.json
101 verbose correctMkdir C:\Users\Administrator\AppData\Roaming\npm-cache correctMkdir not in flight; initializing
102 http 200 https://registry.npm.taobao.org/webpack
103 verbose headers { date: 'Tue, 18 Jul 2017 15:38:08 GMT',
103 verbose headers   'content-type': 'application/json; charset=utf-8',
103 verbose headers   'content-length': '1133980',
103 verbose headers   connection: 'keep-alive',
103 verbose headers   'x-current-requests': '1',
103 verbose headers   etag: '"114d9c-lrk9/4SHJXq4IPaPIP0lqtvVNmY"',
103 verbose headers   'x-readtime': '142' }
104 silly get cb [ 200,
104 silly get   { date: 'Tue, 18 Jul 2017 15:38:08 GMT',
104 silly get     'content-type': 'application/json; charset=utf-8',
104 silly get     'content-length': '1133980',
104 silly get     connection: 'keep-alive',
104 silly get     'x-current-requests': '1',
104 silly get     etag: '"114d9c-lrk9/4SHJXq4IPaPIP0lqtvVNmY"',
104 silly get     'x-readtime': '142' } ]
105 verbose get saving webpack to C:\Users\Administrator\AppData\Roaming\npm-cache\registry.npm.taobao.org\webpack\.cache.json
106 verbose correctMkdir C:\Users\Administrator\AppData\Roaming\npm-cache correctMkdir not in flight; initializing
107 silly install normalizeTree
108 silly loadCurrentTree Finishing
109 silly loadIdealTree Starting
110 silly install loadIdealTree
111 silly cloneCurrentTree Starting
112 silly install cloneCurrentTreeToIdealTree
113 silly cloneCurrentTree Finishing
114 silly loadShrinkwrap Starting
115 silly install loadShrinkwrap
116 silly loadShrinkwrap Finishing
117 silly loadAllDepsIntoIdealTree Starting
118 silly install loadAllDepsIntoIdealTree
119 silly rollbackFailedOptional Starting
120 silly rollbackFailedOptional Finishing
121 silly runTopLevelLifecycles Finishing
122 silly install printInstalled
123 verbose stack Error: Refusing to install package with name "webpack" under a package
123 verbose stack also called "webpack". Did you name your project the same
123 verbose stack as the dependency you're installing?
123 verbose stack
123 verbose stack For more information, see:
123 verbose stack     <https://docs.npmjs.com/cli/install#limitations-of-npms-install-algorithm>
123 verbose stack     at checkSelf (C:\Program Files\nodejs\node_modules\npm\lib\install\validate-args.js:53:14)
123 verbose stack     at Array.<anonymous> (C:\Program Files\nodejs\node_modules\npm\node_modules\slide\lib\bind-actor.js:15:8)
123 verbose stack     at LOOP (C:\Program Files\nodejs\node_modules\npm\node_modules\slide\lib\chain.js:15:14)
123 verbose stack     at chain (C:\Program Files\nodejs\node_modules\npm\node_modules\slide\lib\chain.js:20:5)
123 verbose stack     at C:\Program Files\nodejs\node_modules\npm\lib\install\validate-args.js:16:5
123 verbose stack     at C:\Program Files\nodejs\node_modules\npm\node_modules\slide\lib\async-map.js:52:35
123 verbose stack     at Array.forEach (native)
123 verbose stack     at C:\Program Files\nodejs\node_modules\npm\node_modules\slide\lib\async-map.js:52:11
123 verbose stack     at Array.forEach (native)
123 verbose stack     at asyncMap (C:\Program Files\nodejs\node_modules\npm\node_modules\slide\lib\async-map.js:51:8)
124 verbose cwd D:\demo\webpack
125 error Windows_NT 6.1.7601
126 error argv "C:\\Program Files\\nodejs\\node.exe" "C:\\Program Files\\nodejs\\node_modules\\npm\\bin\\npm-cli.js" "i" "-S" "webpack" "vue" "babel-loader" "babel-core" "babel-preset-es2015" "babel-preset-react"
127 error node v7.7.4
128 error npm  v4.1.2
129 error code ENOSELF
130 error Refusing to install package with name "webpack" under a package
130 error also called "webpack". Did you name your project the same
130 error as the dependency you're installing?
130 error
130 error For more information, see:
130 error     <https://docs.npmjs.com/cli/install#limitations-of-npms-install-algorithm>
131 error If you need help, you may report this error at:
131 error     <https://github.com/npm/npm/issues>
132 verbose exit [ 1, true ]
